# JRE version: OpenJDK Runtime Environment (11.0.12+7) (build 11.0.12+7-b1504.28-7817840)
# Java VM: OpenJDK 64-Bit Server VM (11.0.12+7-b1504.28-7817840, mixed mode, tiered, compressed oops, g1 gc, windows-amd64)
Heap:
 garbage-first heap   total 273408K, used 158265K [0x0000000080000000, 0x0000000100000000)
  region size 1024K, 29 young (29696K), 1 survivors (1024K)
 Metaspace       used 137820K, capacity 142970K, committed 153480K, reserved 1181696K
  class space    used 17099K, capacity 19008K, committed 20432K, reserved 1048576K
GC Heap History (20 events):
Event: 7866.635 GC heap before
{Heap before GC invocations=216 (full 0):
 garbage-first heap   total 273408K, used 140001K [0x0000000080000000, 0x0000000100000000)
  region size 1024K, 13 young (13312K), 4 survivors (4096K)
 Metaspace       used 135944K, capacity 140345K, committed 153480K, reserved 1181696K
  class space    used 16781K, capacity 18438K, committed 20432K, reserved 1048576K
}
Event: 7866.654 GC heap after
{Heap after GC invocations=217 (full 0):
 garbage-first heap   total 273408K, used 122058K [0x0000000080000000, 0x0000000100000000)
  region size 1024K, 2 young (2048K), 2 survivors (2048K)
 Metaspace       used 135944K, capacity 140345K, committed 153480K, reserved 1181696K
  class space    used 16781K, capacity 18438K, committed 20432K, reserved 1048576K
}
Event: 7870.542 GC heap before
{Heap before GC invocations=217 (full 0):
 garbage-first heap   total 273408K, used 213194K [0x0000000080000000, 0x0000000100000000)
  region size 1024K, 92 young (94208K), 2 survivors (2048K)
 Metaspace       used 136038K, capacity 140486K, committed 153480K, reserved 1181696K
  class space    used 16782K, capacity 18440K, committed 20432K, reserved 1048576K
}
Event: 7870.573 GC heap after
{Heap after GC invocations=218 (full 0):
 garbage-first heap   total 273408K, used 130051K [0x0000000080000000, 0x0000000100000000)
  region size 1024K, 10 young (10240K), 10 survivors (10240K)
 Metaspace       used 136038K, capacity 140486K, committed 153480K, reserved 1181696K
  class space    used 16782K, capacity 18440K, committed 20432K, reserved 1048576K
}
Event: 7871.514 GC heap before
{Heap before GC invocations=219 (full 0):
 garbage-first heap   total 273408K, used 219139K [0x0000000080000000, 0x0000000100000000)
  region size 1024K, 96 young (98304K), 10 survivors (10240K)
 Metaspace       used 136061K, capacity 140491K, committed 153480K, reserved 1181696K
  class space    used 16783K, capacity 18440K, committed 20432K, reserved 1048576K
}
Event: 7871.539 GC heap after
{Heap after GC invocations=220 (full 0):
 garbage-first heap   total 273408K, used 136035K [0x0000000080000000, 0x0000000100000000)
  region size 1024K, 5 young (5120K), 5 survivors (5120K)
 Metaspace       used 136061K, capacity 140491K, committed 153480K, reserved 1181696K
  class space    used 16783K, capacity 18440K, committed 20432K, reserved 1048576K
}
Event: 7871.582 GC heap before
{Heap before GC invocations=220 (full 0):
 garbage-first heap   total 273408K, used 144227K [0x0000000080000000, 0x0000000100000000)
  region size 1024K, 13 young (13312K), 5 survivors (5120K)
 Metaspace       used 136064K, capacity 140492K, committed 153480K, reserved 1181696K
  class space    used 16783K, capacity 18440K, committed 20432K, reserved 1048576K
}
Event: 7871.596 GC heap after
{Heap after GC invocations=221 (full 0):
 garbage-first heap   total 273408K, used 137904K [0x0000000080000000, 0x0000000100000000)
  region size 1024K, 2 young (2048K), 2 survivors (2048K)
 Metaspace       used 136064K, capacity 140492K, committed 153480K, reserved 1181696K
  class space    used 16783K, capacity 18440K, committed 20432K, reserved 1048576K
}
Event: 7871.813 GC heap before
{Heap before GC invocations=221 (full 0):
 garbage-first heap   total 273408K, used 153264K [0x0000000080000000, 0x0000000100000000)
  region size 1024K, 19 young (19456K), 2 survivors (2048K)
 Metaspace       used 136069K, capacity 140556K, committed 153480K, reserved 1181696K
  class space    used 16783K, capacity 18440K, committed 20432K, reserved 1048576K
}
Event: 7871.819 GC heap after
{Heap after GC invocations=222 (full 0):
 garbage-first heap   total 273408K, used 136933K [0x0000000080000000, 0x0000000100000000)
  region size 1024K, 2 young (2048K), 2 survivors (2048K)
 Metaspace       used 136069K, capacity 140556K, committed 153480K, reserved 1181696K
  class space    used 16783K, capacity 18440K, committed 20432K, reserved 1048576K
}
Event: 7894.619 GC heap before
{Heap before GC invocations=223 (full 0):
 garbage-first heap   total 273408K, used 228069K [0x0000000080000000, 0x0000000100000000)
  region size 1024K, 77 young (78848K), 2 survivors (2048K)
 Metaspace       used 136115K, capacity 140556K, committed 153480K, reserved 1181696K
  class space    used 16783K, capacity 18440K, committed 20432K, reserved 1048576K
}
Event: 7894.632 GC heap after
{Heap after GC invocations=224 (full 0):
 garbage-first heap   total 273408K, used 142360K [0x0000000080000000, 0x0000000100000000)
  region size 1024K, 9 young (9216K), 9 survivors (9216K)
 Metaspace       used 136115K, capacity 140556K, committed 153480K, reserved 1181696K
  class space    used 16783K, capacity 18440K, committed 20432K, reserved 1048576K
}
Event: 7894.658 GC heap before
{Heap before GC invocations=224 (full 0):
 garbage-first heap   total 273408K, used 145432K [0x0000000080000000, 0x0000000100000000)
  region size 1024K, 13 young (13312K), 9 survivors (9216K)
 Metaspace       used 136115K, capacity 140556K, committed 153480K, reserved 1181696K
  class space    used 16783K, capacity 18440K, committed 20432K, reserved 1048576K
}
Event: 7894.682 GC heap after
{Heap after GC invocations=225 (full 0):
 garbage-first heap   total 273408K, used 134434K [0x0000000080000000, 0x0000000100000000)
  region size 1024K, 1 young (1024K), 1 survivors (1024K)
 Metaspace       used 136115K, capacity 140556K, committed 153480K, reserved 1181696K
  class space    used 16783K, capacity 18440K, committed 20432K, reserved 1048576K
}
Event: 7909.782 GC heap before
{Heap before GC invocations=225 (full 0):
 garbage-first heap   total 273408K, used 213282K [0x0000000080000000, 0x0000000100000000)
  region size 1024K, 79 young (80896K), 1 survivors (1024K)
 Metaspace       used 136828K, capacity 141517K, committed 153480K, reserved 1181696K
  class space    used 16896K, capacity 18633K, committed 20432K, reserved 1048576K
}
Event: 7909.804 GC heap after
{Heap after GC invocations=226 (full 0):
 garbage-first heap   total 273408K, used 141032K [0x0000000080000000, 0x0000000100000000)
  region size 1024K, 8 young (8192K), 8 survivors (8192K)
 Metaspace       used 136828K, capacity 141517K, committed 153480K, reserved 1181696K
  class space    used 16896K, capacity 18633K, committed 20432K, reserved 1048576K
}
Event: 7911.576 GC heap before
{Heap before GC invocations=227 (full 0):
 garbage-first heap   total 273408K, used 213736K [0x0000000080000000, 0x0000000100000000)
  region size 1024K, 83 young (84992K), 8 survivors (8192K)
 Metaspace       used 137043K, capacity 141797K, committed 153480K, reserved 1181696K
  class space    used 16944K, capacity 18721K, committed 20432K, reserved 1048576K
}
Event: 7911.596 GC heap after
{Heap after GC invocations=228 (full 0):
 garbage-first heap   total 273408K, used 142702K [0x0000000080000000, 0x0000000100000000)
  region size 1024K, 6 young (6144K), 6 survivors (6144K)
 Metaspace       used 137043K, capacity 141797K, committed 153480K, reserved 1181696K
  class space    used 16944K, capacity 18721K, committed 20432K, reserved 1048576K
}
Event: 8062.834 GC heap before
{Heap before GC invocations=228 (full 0):
 garbage-first heap   total 273408K, used 148846K [0x0000000080000000, 0x0000000100000000)
  region size 1024K, 13 young (13312K), 6 survivors (6144K)
 Metaspace       used 137052K, capacity 141799K, committed 153480K, reserved 1181696K
  class space    used 16945K, capacity 18722K, committed 20432K, reserved 1048576K
}
Event: 8062.865 GC heap after
{Heap after GC invocations=229 (full 0):
 garbage-first heap   total 273408K, used 130617K [0x0000000080000000, 0x0000000100000000)
  region size 1024K, 1 young (1024K), 1 survivors (1024K)
 Metaspace       used 137052K, capacity 141799K, committed 153480K, reserved 1181696K
  class space    used 16945K, capacity 18722K, committed 20432K, reserved 1048576K
}

