# JRE version: OpenJDK Runtime Environment (11.0.12+7) (build 11.0.12+7-b1504.28-7817840)
# Java VM: OpenJDK 64-Bit Server VM (11.0.12+7-b1504.28-7817840, mixed mode, tiered, compressed oops, g1 gc, windows-amd64)
Heap:
 garbage-first heap   total 189440K, used 61701K [0x0000000080000000, 0x0000000100000000)
  region size 1024K, 4 young (4096K), 4 survivors (4096K)
 Metaspace       used 67509K, capacity 69122K, committed 69292K, reserved 1110016K
  class space    used 8593K, capacity 9162K, committed 9216K, reserved 1048576K
GC Heap History (20 events):
Event: 2.576 GC heap after
{Heap after GC invocations=2 (full 0):
 garbage-first heap   total 131072K, used 16487K [0x0000000080000000, 0x0000000100000000)
  region size 1024K, 10 young (10240K), 10 survivors (10240K)
 Metaspace       used 17625K, capacity 17967K, committed 18176K, reserved 1064960K
  class space    used 2087K, capacity 2209K, committed 2304K, reserved 1048576K
}
Event: 3.011 GC heap before
{Heap before GC invocations=2 (full 0):
 garbage-first heap   total 131072K, used 44135K [0x0000000080000000, 0x0000000100000000)
  region size 1024K, 38 young (38912K), 10 survivors (10240K)
 Metaspace       used 20704K, capacity 21131K, committed 21248K, reserved 1067008K
  class space    used 2549K, capacity 2710K, committed 2816K, reserved 1048576K
}
Event: 3.025 GC heap after
{Heap after GC invocations=3 (full 0):
 garbage-first heap   total 131072K, used 17608K [0x0000000080000000, 0x0000000100000000)
  region size 1024K, 2 young (2048K), 2 survivors (2048K)
 Metaspace       used 20704K, capacity 21131K, committed 21248K, reserved 1067008K
  class space    used 2549K, capacity 2710K, committed 2816K, reserved 1048576K
}
Event: 3.838 GC heap before
{Heap before GC invocations=4 (full 0):
 garbage-first heap   total 131072K, used 70856K [0x0000000080000000, 0x0000000100000000)
  region size 1024K, 55 young (56320K), 2 survivors (2048K)
 Metaspace       used 26514K, capacity 27133K, committed 27264K, reserved 1073152K
  class space    used 3454K, capacity 3657K, committed 3712K, reserved 1048576K
}
Event: 3.844 GC heap after
{Heap after GC invocations=5 (full 0):
 garbage-first heap   total 131072K, used 19490K [0x0000000080000000, 0x0000000100000000)
  region size 1024K, 3 young (3072K), 3 survivors (3072K)
 Metaspace       used 26514K, capacity 27133K, committed 27264K, reserved 1073152K
  class space    used 3454K, capacity 3657K, committed 3712K, reserved 1048576K
}
Event: 4.871 GC heap before
{Heap before GC invocations=5 (full 0):
 garbage-first heap   total 131072K, used 76834K [0x0000000080000000, 0x0000000100000000)
  region size 1024K, 60 young (61440K), 3 survivors (3072K)
 Metaspace       used 34904K, capacity 35718K, committed 35840K, reserved 1081344K
  class space    used 4532K, capacity 4839K, committed 4864K, reserved 1048576K
}
Event: 4.888 GC heap after
{Heap after GC invocations=6 (full 0):
 garbage-first heap   total 131072K, used 22642K [0x0000000080000000, 0x0000000100000000)
  region size 1024K, 6 young (6144K), 6 survivors (6144K)
 Metaspace       used 34904K, capacity 35718K, committed 35840K, reserved 1081344K
  class space    used 4532K, capacity 4839K, committed 4864K, reserved 1048576K
}
Event: 5.884 GC heap before
{Heap before GC invocations=7 (full 0):
 garbage-first heap   total 131072K, used 87154K [0x0000000080000000, 0x0000000100000000)
  region size 1024K, 67 young (68608K), 6 survivors (6144K)
 Metaspace       used 39808K, capacity 40711K, committed 40832K, reserved 1085440K
  class space    used 5106K, capacity 5433K, committed 5504K, reserved 1048576K
}
Event: 5.898 GC heap after
{Heap after GC invocations=8 (full 0):
 garbage-first heap   total 157696K, used 28020K [0x0000000080000000, 0x0000000100000000)
  region size 1024K, 9 young (9216K), 9 survivors (9216K)
 Metaspace       used 39808K, capacity 40711K, committed 40832K, reserved 1085440K
  class space    used 5106K, capacity 5433K, committed 5504K, reserved 1048576K
}
Event: 7.014 GC heap before
{Heap before GC invocations=8 (full 0):
 garbage-first heap   total 157696K, used 99700K [0x0000000080000000, 0x0000000100000000)
  region size 1024K, 79 young (80896K), 9 survivors (9216K)
 Metaspace       used 45975K, capacity 47053K, committed 47360K, reserved 1089536K
  class space    used 5923K, capacity 6324K, committed 6400K, reserved 1048576K
}
Event: 7.027 GC heap after
{Heap after GC invocations=9 (full 0):
 garbage-first heap   total 157696K, used 30720K [0x0000000080000000, 0x0000000100000000)
  region size 1024K, 8 young (8192K), 8 survivors (8192K)
 Metaspace       used 45975K, capacity 47053K, committed 47360K, reserved 1089536K
  class space    used 5923K, capacity 6324K, committed 6400K, reserved 1048576K
}
Event: 8.366 GC heap before
{Heap before GC invocations=9 (full 0):
 garbage-first heap   total 157696K, used 112640K [0x0000000080000000, 0x0000000100000000)
  region size 1024K, 80 young (81920K), 8 survivors (8192K)
 Metaspace       used 48823K, capacity 50132K, committed 50304K, reserved 1093632K
  class space    used 6262K, capacity 6748K, committed 6784K, reserved 1048576K
}
Event: 8.382 GC heap after
{Heap after GC invocations=10 (full 0):
 garbage-first heap   total 157696K, used 50581K [0x0000000080000000, 0x0000000100000000)
  region size 1024K, 10 young (10240K), 10 survivors (10240K)
 Metaspace       used 48823K, capacity 50132K, committed 50304K, reserved 1093632K
  class space    used 6262K, capacity 6748K, committed 6784K, reserved 1048576K
}
Event: 9.548 GC heap before
{Heap before GC invocations=10 (full 0):
 garbage-first heap   total 157696K, used 114069K [0x0000000080000000, 0x0000000100000000)
  region size 1024K, 72 young (73728K), 10 survivors (10240K)
 Metaspace       used 57335K, capacity 58805K, committed 59008K, reserved 1099776K
  class space    used 7280K, capacity 7808K, committed 7808K, reserved 1048576K
}
Event: 9.559 GC heap after
{Heap after GC invocations=11 (full 0):
 garbage-first heap   total 157696K, used 53713K [0x0000000080000000, 0x0000000100000000)
  region size 1024K, 3 young (3072K), 3 survivors (3072K)
 Metaspace       used 57335K, capacity 58805K, committed 59008K, reserved 1099776K
  class space    used 7280K, capacity 7808K, committed 7808K, reserved 1048576K
}
Event: 9.702 GC heap before
{Heap before GC invocations=11 (full 0):
 garbage-first heap   total 157696K, used 60881K [0x0000000080000000, 0x0000000100000000)
  region size 1024K, 11 young (11264K), 3 survivors (3072K)
 Metaspace       used 58248K, capacity 59749K, committed 59948K, reserved 1101824K
  class space    used 7426K, capacity 7954K, committed 8064K, reserved 1048576K
}
Event: 9.709 GC heap after
{Heap after GC invocations=12 (full 0):
 garbage-first heap   total 157696K, used 53686K [0x0000000080000000, 0x0000000100000000)
  region size 1024K, 3 young (3072K), 3 survivors (3072K)
 Metaspace       used 58248K, capacity 59749K, committed 59948K, reserved 1101824K
  class space    used 7426K, capacity 7954K, committed 8064K, reserved 1048576K
}
Event: 10.704 GC heap before
{Heap before GC invocations=13 (full 0):
 garbage-first heap   total 157696K, used 107958K [0x0000000080000000, 0x0000000100000000)
  region size 1024K, 57 young (58368K), 3 survivors (3072K)
 Metaspace       used 63962K, capacity 65506K, committed 65708K, reserved 1105920K
  class space    used 8136K, capacity 8694K, committed 8704K, reserved 1048576K
}
Event: 10.722 GC heap after
{Heap after GC invocations=14 (full 0):
 garbage-first heap   total 157696K, used 58211K [0x0000000080000000, 0x0000000100000000)
  region size 1024K, 8 young (8192K), 8 survivors (8192K)
 Metaspace       used 63962K, capacity 65506K, committed 65708K, reserved 1105920K
  class space    used 8136K, capacity 8694K, committed 8704K, reserved 1048576K
}
Event: 11.636 GC heap before
{Heap before GC invocations=15 (full 0):
 garbage-first heap   total 157696K, used 112483K [0x0000000080000000, 0x0000000100000000)
  region size 1024K, 61 young (62464K), 8 survivors (8192K)
 Metaspace       used 67509K, capacity 69122K, committed 69292K, reserved 1110016K
  class space    used 8593K, capacity 9162K, committed 9216K, reserved 1048576K
}

