# JRE version: OpenJDK Runtime Environment (11.0.12+7) (build 11.0.12+7-b1504.28-7817840)
# Java VM: OpenJDK 64-Bit Server VM (11.0.12+7-b1504.28-7817840, mixed mode, tiered, compressed oops, g1 gc, windows-amd64)
Heap:
 garbage-first heap   total 189440K, used 105472K [0x0000000080000000, 0x0000000100000000)
  region size 1024K, 65 young (66560K), 11 survivors (11264K)
 Metaspace       used 63975K, capacity 65546K, committed 65740K, reserved 1105920K
  class space    used 8117K, capacity 8686K, committed 8704K, reserved 1048576K
GC Heap History (18 events):
Event: 0.538 GC heap before
{Heap before GC invocations=0 (full 0):
 garbage-first heap   total 131072K, used 30720K [0x0000000080000000, 0x0000000100000000)
  region size 1024K, 24 young (24576K), 0 survivors (0K)
 Metaspace       used 9870K, capacity 10114K, committed 10368K, reserved 1058816K
  class space    used 1027K, capacity 1102K, committed 1152K, reserved 1048576K
}
Event: 0.543 GC heap after
{Heap after GC invocations=1 (full 0):
 garbage-first heap   total 131072K, used 8999K [0x0000000080000000, 0x0000000100000000)
  region size 1024K, 3 young (3072K), 3 survivors (3072K)
 Metaspace       used 9870K, capacity 10114K, committed 10368K, reserved 1058816K
  class space    used 1027K, capacity 1102K, committed 1152K, reserved 1048576K
}
Event: 1.676 GC heap before
{Heap before GC invocations=1 (full 0):
 garbage-first heap   total 131072K, used 83751K [0x0000000080000000, 0x0000000100000000)
  region size 1024K, 76 young (77824K), 3 survivors (3072K)
 Metaspace       used 17606K, capacity 17967K, committed 18176K, reserved 1064960K
  class space    used 2081K, capacity 2209K, committed 2304K, reserved 1048576K
}
Event: 1.684 GC heap after
{Heap after GC invocations=2 (full 0):
 garbage-first heap   total 131072K, used 15849K [0x0000000080000000, 0x0000000100000000)
  region size 1024K, 10 young (10240K), 10 survivors (10240K)
 Metaspace       used 17606K, capacity 17967K, committed 18176K, reserved 1064960K
  class space    used 2081K, capacity 2209K, committed 2304K, reserved 1048576K
}
Event: 2.085 GC heap before
{Heap before GC invocations=2 (full 0):
 garbage-first heap   total 131072K, used 44521K [0x0000000080000000, 0x0000000100000000)
  region size 1024K, 39 young (39936K), 10 survivors (10240K)
 Metaspace       used 20770K, capacity 21149K, committed 21296K, reserved 1069056K
  class space    used 2560K, capacity 2716K, committed 2816K, reserved 1048576K
}
Event: 2.094 GC heap after
{Heap after GC invocations=3 (full 0):
 garbage-first heap   total 131072K, used 17278K [0x0000000080000000, 0x0000000100000000)
  region size 1024K, 2 young (2048K), 2 survivors (2048K)
 Metaspace       used 20770K, capacity 21149K, committed 21296K, reserved 1069056K
  class space    used 2560K, capacity 2716K, committed 2816K, reserved 1048576K
}
Event: 2.945 GC heap before
{Heap before GC invocations=4 (full 0):
 garbage-first heap   total 131072K, used 72574K [0x0000000080000000, 0x0000000100000000)
  region size 1024K, 57 young (58368K), 2 survivors (2048K)
 Metaspace       used 26789K, capacity 27424K, committed 27648K, reserved 1073152K
  class space    used 3495K, capacity 3733K, committed 3840K, reserved 1048576K
}
Event: 2.954 GC heap after
{Heap after GC invocations=5 (full 0):
 garbage-first heap   total 131072K, used 19077K [0x0000000080000000, 0x0000000100000000)
  region size 1024K, 4 young (4096K), 4 survivors (4096K)
 Metaspace       used 26789K, capacity 27424K, committed 27648K, reserved 1073152K
  class space    used 3495K, capacity 3733K, committed 3840K, reserved 1048576K
}
Event: 4.155 GC heap before
{Heap before GC invocations=6 (full 0):
 garbage-first heap   total 131072K, used 80517K [0x0000000080000000, 0x0000000100000000)
  region size 1024K, 65 young (66560K), 4 survivors (4096K)
 Metaspace       used 36339K, capacity 37099K, committed 37376K, reserved 1081344K
  class space    used 4710K, capacity 5002K, committed 5120K, reserved 1048576K
}
Event: 4.167 GC heap after
{Heap after GC invocations=7 (full 0):
 garbage-first heap   total 157696K, used 22843K [0x0000000080000000, 0x0000000100000000)
  region size 1024K, 7 young (7168K), 7 survivors (7168K)
 Metaspace       used 36339K, capacity 37099K, committed 37376K, reserved 1081344K
  class space    used 4710K, capacity 5002K, committed 5120K, reserved 1048576K
}
Event: 5.350 GC heap before
{Heap before GC invocations=7 (full 0):
 garbage-first heap   total 157696K, used 102715K [0x0000000080000000, 0x0000000100000000)
  region size 1024K, 83 young (84992K), 7 survivors (7168K)
 Metaspace       used 41827K, capacity 42847K, committed 42880K, reserved 1087488K
  class space    used 5377K, capacity 5753K, committed 5760K, reserved 1048576K
}
Event: 5.368 GC heap after
{Heap after GC invocations=8 (full 0):
 garbage-first heap   total 157696K, used 28589K [0x0000000080000000, 0x0000000100000000)
  region size 1024K, 10 young (10240K), 10 survivors (10240K)
 Metaspace       used 41827K, capacity 42847K, committed 42880K, reserved 1087488K
  class space    used 5377K, capacity 5753K, committed 5760K, reserved 1048576K
}
Event: 5.889 GC heap before
{Heap before GC invocations=8 (full 0):
 garbage-first heap   total 157696K, used 62381K [0x0000000080000000, 0x0000000100000000)
  region size 1024K, 44 young (45056K), 10 survivors (10240K)
 Metaspace       used 44861K, capacity 45981K, committed 46080K, reserved 1089536K
  class space    used 5758K, capacity 6137K, committed 6144K, reserved 1048576K
}
Event: 5.917 GC heap after
{Heap after GC invocations=9 (full 0):
 garbage-first heap   total 157696K, used 29936K [0x0000000080000000, 0x0000000100000000)
  region size 1024K, 8 young (8192K), 8 survivors (8192K)
 Metaspace       used 44861K, capacity 45981K, committed 46080K, reserved 1089536K
  class space    used 5758K, capacity 6137K, committed 6144K, reserved 1048576K
}
Event: 7.353 GC heap before
{Heap before GC invocations=10 (full 0):
 garbage-first heap   total 157696K, used 111856K [0x0000000080000000, 0x0000000100000000)
  region size 1024K, 88 young (90112K), 8 survivors (8192K)
 Metaspace       used 48656K, capacity 49865K, committed 49996K, reserved 1093632K
  class space    used 6239K, capacity 6680K, committed 6784K, reserved 1048576K
}
Event: 7.368 GC heap after
{Heap after GC invocations=11 (full 0):
 garbage-first heap   total 157696K, used 34718K [0x0000000080000000, 0x0000000100000000)
  region size 1024K, 7 young (7168K), 7 survivors (7168K)
 Metaspace       used 48656K, capacity 49865K, committed 49996K, reserved 1093632K
  class space    used 6239K, capacity 6680K, committed 6784K, reserved 1048576K
}
Event: 8.828 GC heap before
{Heap before GC invocations=11 (full 0):
 garbage-first heap   total 157696K, used 125854K [0x0000000080000000, 0x0000000100000000)
  region size 1024K, 87 young (89088K), 7 survivors (7168K)
 Metaspace       used 57873K, capacity 59323K, committed 59340K, reserved 1101824K
  class space    used 7384K, capacity 7919K, committed 7936K, reserved 1048576K
}
Event: 8.841 GC heap after
{Heap after GC invocations=12 (full 0):
 garbage-first heap   total 189440K, used 52224K [0x0000000080000000, 0x0000000100000000)
  region size 1024K, 11 young (11264K), 11 survivors (11264K)
 Metaspace       used 57873K, capacity 59323K, committed 59340K, reserved 1101824K
  class space    used 7384K, capacity 7919K, committed 7936K, reserved 1048576K
}

