# JRE version: OpenJDK Runtime Environment (11.0.12+7) (build 11.0.12+7-b1504.28-7817840)
# Java VM: OpenJDK 64-Bit Server VM (11.0.12+7-b1504.28-7817840, mixed mode, tiered, compressed oops, g1 gc, windows-amd64)
Heap:
 garbage-first heap   total 189440K, used 98183K [0x0000000080000000, 0x0000000100000000)
  region size 1024K, 41 young (41984K), 5 survivors (5120K)
 Metaspace       used 68732K, capacity 70329K, committed 70528K, reserved 1110016K
  class space    used 8728K, capacity 9328K, committed 9344K, reserved 1048576K
GC Heap History (20 events):
Event: 2.275 GC heap before
{Heap before GC invocations=4 (full 0):
 garbage-first heap   total 131072K, used 69503K [0x0000000080000000, 0x0000000100000000)
  region size 1024K, 53 young (54272K), 2 survivors (2048K)
 Metaspace       used 26205K, capacity 26806K, committed 27008K, reserved 1073152K
  class space    used 3409K, capacity 3630K, committed 3712K, reserved 1048576K
}
Event: 2.281 GC heap after
{Heap after GC invocations=5 (full 0):
 garbage-first heap   total 131072K, used 19032K [0x0000000080000000, 0x0000000100000000)
  region size 1024K, 3 young (3072K), 3 survivors (3072K)
 Metaspace       used 26205K, capacity 26806K, committed 27008K, reserved 1073152K
  class space    used 3409K, capacity 3630K, committed 3712K, reserved 1048576K
}
Event: 3.320 GC heap before
{Heap before GC invocations=5 (full 0):
 garbage-first heap   total 131072K, used 78424K [0x0000000080000000, 0x0000000100000000)
  region size 1024K, 61 young (62464K), 3 survivors (3072K)
 Metaspace       used 34190K, capacity 35014K, committed 35328K, reserved 1079296K
  class space    used 4453K, capacity 4775K, committed 4864K, reserved 1048576K
}
Event: 3.328 GC heap after
{Heap after GC invocations=6 (full 0):
 garbage-first heap   total 131072K, used 22020K [0x0000000080000000, 0x0000000100000000)
  region size 1024K, 6 young (6144K), 6 survivors (6144K)
 Metaspace       used 34190K, capacity 35014K, committed 35328K, reserved 1079296K
  class space    used 4453K, capacity 4775K, committed 4864K, reserved 1048576K
}
Event: 3.360 GC heap before
{Heap before GC invocations=6 (full 0):
 garbage-first heap   total 131072K, used 22020K [0x0000000080000000, 0x0000000100000000)
  region size 1024K, 7 young (7168K), 6 survivors (6144K)
 Metaspace       used 34872K, capacity 35654K, committed 35840K, reserved 1081344K
  class space    used 4532K, capacity 4839K, committed 4864K, reserved 1048576K
}
Event: 3.375 GC heap after
{Heap after GC invocations=7 (full 0):
 garbage-first heap   total 157696K, used 22346K [0x0000000080000000, 0x0000000100000000)
  region size 1024K, 4 young (4096K), 4 survivors (4096K)
 Metaspace       used 34872K, capacity 35654K, committed 35840K, reserved 1081344K
  class space    used 4532K, capacity 4839K, committed 4864K, reserved 1048576K
}
Event: 4.398 GC heap before
{Heap before GC invocations=8 (full 0):
 garbage-first heap   total 157696K, used 85834K [0x0000000080000000, 0x0000000100000000)
  region size 1024K, 64 young (65536K), 4 survivors (4096K)
 Metaspace       used 39734K, capacity 40646K, committed 40832K, reserved 1085440K
  class space    used 5099K, capacity 5433K, committed 5504K, reserved 1048576K
}
Event: 4.412 GC heap after
{Heap after GC invocations=9 (full 0):
 garbage-first heap   total 157696K, used 27562K [0x0000000080000000, 0x0000000100000000)
  region size 1024K, 8 young (8192K), 8 survivors (8192K)
 Metaspace       used 39734K, capacity 40646K, committed 40832K, reserved 1085440K
  class space    used 5099K, capacity 5433K, committed 5504K, reserved 1048576K
}
Event: 5.311 GC heap before
{Heap before GC invocations=9 (full 0):
 garbage-first heap   total 157696K, used 93098K [0x0000000080000000, 0x0000000100000000)
  region size 1024K, 71 young (72704K), 8 survivors (8192K)
 Metaspace       used 45297K, capacity 46374K, committed 46464K, reserved 1089536K
  class space    used 5832K, capacity 6204K, committed 6272K, reserved 1048576K
}
Event: 5.324 GC heap after
{Heap after GC invocations=10 (full 0):
 garbage-first heap   total 157696K, used 30720K [0x0000000080000000, 0x0000000100000000)
  region size 1024K, 8 young (8192K), 8 survivors (8192K)
 Metaspace       used 45297K, capacity 46374K, committed 46464K, reserved 1089536K
  class space    used 5832K, capacity 6204K, committed 6272K, reserved 1048576K
}
Event: 6.414 GC heap before
{Heap before GC invocations=10 (full 0):
 garbage-first heap   total 157696K, used 98304K [0x0000000080000000, 0x0000000100000000)
  region size 1024K, 74 young (75776K), 8 survivors (8192K)
 Metaspace       used 48435K, capacity 49727K, committed 50048K, reserved 1093632K
  class space    used 6206K, capacity 6678K, committed 6784K, reserved 1048576K
}
Event: 6.427 GC heap after
{Heap after GC invocations=11 (full 0):
 garbage-first heap   total 157696K, used 35149K [0x0000000080000000, 0x0000000100000000)
  region size 1024K, 8 young (8192K), 8 survivors (8192K)
 Metaspace       used 48435K, capacity 49727K, committed 50048K, reserved 1093632K
  class space    used 6206K, capacity 6678K, committed 6784K, reserved 1048576K
}
Event: 7.639 GC heap before
{Heap before GC invocations=11 (full 0):
 garbage-first heap   total 157696K, used 112973K [0x0000000080000000, 0x0000000100000000)
  region size 1024K, 75 young (76800K), 8 survivors (8192K)
 Metaspace       used 55797K, capacity 57228K, committed 57344K, reserved 1099776K
  class space    used 7108K, capacity 7626K, committed 7680K, reserved 1048576K
}
Event: 7.653 GC heap after
{Heap after GC invocations=12 (full 0):
 garbage-first heap   total 189440K, used 52416K [0x0000000080000000, 0x0000000100000000)
  region size 1024K, 10 young (10240K), 10 survivors (10240K)
 Metaspace       used 55797K, capacity 57228K, committed 57344K, reserved 1099776K
  class space    used 7108K, capacity 7626K, committed 7680K, reserved 1048576K
}
Event: 8.018 GC heap before
{Heap before GC invocations=12 (full 0):
 garbage-first heap   total 189440K, used 68800K [0x0000000080000000, 0x0000000100000000)
  region size 1024K, 27 young (27648K), 10 survivors (10240K)
 Metaspace       used 58306K, capacity 59767K, committed 59948K, reserved 1101824K
  class space    used 7436K, capacity 7959K, committed 8064K, reserved 1048576K
}
Event: 8.031 GC heap after
{Heap after GC invocations=13 (full 0):
 garbage-first heap   total 189440K, used 54098K [0x0000000080000000, 0x0000000100000000)
  region size 1024K, 2 young (2048K), 2 survivors (2048K)
 Metaspace       used 58306K, capacity 59767K, committed 59948K, reserved 1101824K
  class space    used 7436K, capacity 7959K, committed 8064K, reserved 1048576K
}
Event: 9.114 GC heap before
{Heap before GC invocations=14 (full 0):
 garbage-first heap   total 189440K, used 110418K [0x0000000080000000, 0x0000000100000000)
  region size 1024K, 58 young (59392K), 2 survivors (2048K)
 Metaspace       used 64180K, capacity 65755K, committed 65920K, reserved 1105920K
  class space    used 8176K, capacity 8753K, committed 8832K, reserved 1048576K
}
Event: 9.126 GC heap after
{Heap after GC invocations=15 (full 0):
 garbage-first heap   total 189440K, used 58226K [0x0000000080000000, 0x0000000100000000)
  region size 1024K, 6 young (6144K), 6 survivors (6144K)
 Metaspace       used 64180K, capacity 65755K, committed 65920K, reserved 1105920K
  class space    used 8176K, capacity 8753K, committed 8832K, reserved 1048576K
}
Event: 10.031 GC heap before
{Heap before GC invocations=16 (full 0):
 garbage-first heap   total 189440K, used 119666K [0x0000000080000000, 0x0000000100000000)
  region size 1024K, 65 young (66560K), 6 survivors (6144K)
 Metaspace       used 67556K, capacity 69288K, committed 69376K, reserved 1110016K
  class space    used 8599K, capacity 9196K, committed 9216K, reserved 1048576K
}
Event: 10.045 GC heap after
{Heap after GC invocations=17 (full 0):
 garbage-first heap   total 189440K, used 62343K [0x0000000080000000, 0x0000000100000000)
  region size 1024K, 5 young (5120K), 5 survivors (5120K)
 Metaspace       used 67556K, capacity 69288K, committed 69376K, reserved 1110016K
  class space    used 8599K, capacity 9196K, committed 9216K, reserved 1048576K
}

