# JRE version: OpenJDK Runtime Environment (11.0.12+7) (build 11.0.12+7-b1504.28-7817840)
# Java VM: OpenJDK 64-Bit Server VM (11.0.12+7-b1504.28-7817840, mixed mode, tiered, compressed oops, g1 gc, windows-amd64)
Heap:
 garbage-first heap   total 189440K, used 122002K [0x0000000080000000, 0x0000000100000000)
  region size 1024K, 68 young (69632K), 6 survivors (6144K)
 Metaspace       used 67660K, capacity 69351K, committed 69708K, reserved 1110016K
  class space    used 8613K, capacity 9218K, committed 9344K, reserved 1048576K
GC Heap History (20 events):
Event: 0.532 GC heap before
{Heap before GC invocations=0 (full 0):
 garbage-first heap   total 131072K, used 30720K [0x0000000080000000, 0x0000000100000000)
  region size 1024K, 24 young (24576K), 0 survivors (0K)
 Metaspace       used 9867K, capacity 10114K, committed 10368K, reserved 1058816K
  class space    used 1027K, capacity 1102K, committed 1152K, reserved 1048576K
}
Event: 0.537 GC heap after
{Heap after GC invocations=1 (full 0):
 garbage-first heap   total 131072K, used 9301K [0x0000000080000000, 0x0000000100000000)
  region size 1024K, 3 young (3072K), 3 survivors (3072K)
 Metaspace       used 9867K, capacity 10114K, committed 10368K, reserved 1058816K
  class space    used 1027K, capacity 1102K, committed 1152K, reserved 1048576K
}
Event: 1.587 GC heap before
{Heap before GC invocations=1 (full 0):
 garbage-first heap   total 131072K, used 84053K [0x0000000080000000, 0x0000000100000000)
  region size 1024K, 76 young (77824K), 3 survivors (3072K)
 Metaspace       used 17594K, capacity 17903K, committed 18176K, reserved 1064960K
  class space    used 2081K, capacity 2209K, committed 2304K, reserved 1048576K
}
Event: 1.592 GC heap after
{Heap after GC invocations=2 (full 0):
 garbage-first heap   total 131072K, used 16184K [0x0000000080000000, 0x0000000100000000)
  region size 1024K, 10 young (10240K), 10 survivors (10240K)
 Metaspace       used 17594K, capacity 17903K, committed 18176K, reserved 1064960K
  class space    used 2081K, capacity 2209K, committed 2304K, reserved 1048576K
}
Event: 1.882 GC heap before
{Heap before GC invocations=2 (full 0):
 garbage-first heap   total 131072K, used 44856K [0x0000000080000000, 0x0000000100000000)
  region size 1024K, 39 young (39936K), 10 survivors (10240K)
 Metaspace       used 20754K, capacity 21149K, committed 21296K, reserved 1069056K
  class space    used 2558K, capacity 2716K, committed 2816K, reserved 1048576K
}
Event: 1.894 GC heap after
{Heap after GC invocations=3 (full 0):
 garbage-first heap   total 131072K, used 17360K [0x0000000080000000, 0x0000000100000000)
  region size 1024K, 2 young (2048K), 2 survivors (2048K)
 Metaspace       used 20754K, capacity 21149K, committed 21296K, reserved 1069056K
  class space    used 2558K, capacity 2716K, committed 2816K, reserved 1048576K
}
Event: 2.700 GC heap before
{Heap before GC invocations=4 (full 0):
 garbage-first heap   total 131072K, used 71632K [0x0000000080000000, 0x0000000100000000)
  region size 1024K, 56 young (57344K), 2 survivors (2048K)
 Metaspace       used 26670K, capacity 27360K, committed 27648K, reserved 1073152K
  class space    used 3483K, capacity 3733K, committed 3840K, reserved 1048576K
}
Event: 2.709 GC heap after
{Heap after GC invocations=5 (full 0):
 garbage-first heap   total 131072K, used 19106K [0x0000000080000000, 0x0000000100000000)
  region size 1024K, 3 young (3072K), 3 survivors (3072K)
 Metaspace       used 26670K, capacity 27360K, committed 27648K, reserved 1073152K
  class space    used 3483K, capacity 3733K, committed 3840K, reserved 1048576K
}
Event: 3.866 GC heap before
{Heap before GC invocations=6 (full 0):
 garbage-first heap   total 131072K, used 82594K [0x0000000080000000, 0x0000000100000000)
  region size 1024K, 65 young (66560K), 3 survivors (3072K)
 Metaspace       used 36186K, capacity 36962K, committed 37120K, reserved 1081344K
  class space    used 4693K, capacity 4999K, committed 5120K, reserved 1048576K
}
Event: 3.874 GC heap after
{Heap after GC invocations=7 (full 0):
 garbage-first heap   total 131072K, used 22778K [0x0000000080000000, 0x0000000100000000)
  region size 1024K, 7 young (7168K), 7 survivors (7168K)
 Metaspace       used 36186K, capacity 36962K, committed 37120K, reserved 1081344K
  class space    used 4693K, capacity 4999K, committed 5120K, reserved 1048576K
}
Event: 4.835 GC heap before
{Heap before GC invocations=7 (full 0):
 garbage-first heap   total 131072K, used 88314K [0x0000000080000000, 0x0000000100000000)
  region size 1024K, 69 young (70656K), 7 survivors (7168K)
 Metaspace       used 40646K, capacity 41591K, committed 41728K, reserved 1085440K
  class space    used 5189K, capacity 5513K, committed 5632K, reserved 1048576K
}
Event: 4.849 GC heap after
{Heap after GC invocations=8 (full 0):
 garbage-first heap   total 157696K, used 28050K [0x0000000080000000, 0x0000000100000000)
  region size 1024K, 9 young (9216K), 9 survivors (9216K)
 Metaspace       used 40646K, capacity 41591K, committed 41728K, reserved 1085440K
  class space    used 5189K, capacity 5513K, committed 5632K, reserved 1048576K
}
Event: 5.585 GC heap before
{Heap before GC invocations=8 (full 0):
 garbage-first heap   total 157696K, used 77202K [0x0000000080000000, 0x0000000100000000)
  region size 1024K, 57 young (58368K), 9 survivors (9216K)
 Metaspace       used 44880K, capacity 46045K, committed 46080K, reserved 1089536K
  class space    used 5762K, capacity 6137K, committed 6144K, reserved 1048576K
}
Event: 5.607 GC heap after
{Heap after GC invocations=9 (full 0):
 garbage-first heap   total 157696K, used 29865K [0x0000000080000000, 0x0000000100000000)
  region size 1024K, 7 young (7168K), 7 survivors (7168K)
 Metaspace       used 44880K, capacity 46045K, committed 46080K, reserved 1089536K
  class space    used 5762K, capacity 6137K, committed 6144K, reserved 1048576K
}
Event: 6.826 GC heap before
{Heap before GC invocations=10 (full 0):
 garbage-first heap   total 157696K, used 106665K [0x0000000080000000, 0x0000000100000000)
  region size 1024K, 82 young (83968K), 7 survivors (7168K)
 Metaspace       used 48415K, capacity 49709K, committed 49996K, reserved 1093632K
  class space    used 6205K, capacity 6673K, committed 6784K, reserved 1048576K
}
Event: 6.839 GC heap after
{Heap after GC invocations=11 (full 0):
 garbage-first heap   total 157696K, used 34699K [0x0000000080000000, 0x0000000100000000)
  region size 1024K, 7 young (7168K), 7 survivors (7168K)
 Metaspace       used 48415K, capacity 49709K, committed 49996K, reserved 1093632K
  class space    used 6205K, capacity 6673K, committed 6784K, reserved 1048576K
}
Event: 8.312 GC heap before
{Heap before GC invocations=11 (full 0):
 garbage-first heap   total 157696K, used 120715K [0x0000000080000000, 0x0000000100000000)
  region size 1024K, 82 young (83968K), 7 survivors (7168K)
 Metaspace       used 57230K, capacity 58699K, committed 58956K, reserved 1099776K
  class space    used 7270K, capacity 7772K, committed 7808K, reserved 1048576K
}
Event: 8.326 GC heap after
{Heap after GC invocations=12 (full 0):
 garbage-first heap   total 157696K, used 52531K [0x0000000080000000, 0x0000000100000000)
  region size 1024K, 11 young (11264K), 11 survivors (11264K)
 Metaspace       used 57230K, capacity 58699K, committed 58956K, reserved 1099776K
  class space    used 7270K, capacity 7772K, committed 7808K, reserved 1048576K
}
Event: 9.432 GC heap before
{Heap before GC invocations=12 (full 0):
 garbage-first heap   total 157696K, used 119091K [0x0000000080000000, 0x0000000100000000)
  region size 1024K, 76 young (77824K), 11 survivors (11264K)
 Metaspace       used 64341K, capacity 65870K, committed 66124K, reserved 1105920K
  class space    used 8183K, capacity 8750K, committed 8832K, reserved 1048576K
}
Event: 9.446 GC heap after
{Heap after GC invocations=13 (full 0):
 garbage-first heap   total 189440K, used 59538K [0x0000000080000000, 0x0000000100000000)
  region size 1024K, 6 young (6144K), 6 survivors (6144K)
 Metaspace       used 64341K, capacity 65870K, committed 66124K, reserved 1105920K
  class space    used 8183K, capacity 8750K, committed 8832K, reserved 1048576K
}

