# JRE version: OpenJDK Runtime Environment (11.0.12+7) (build 11.0.12+7-b1504.28-7817840)
# Java VM: OpenJDK 64-Bit Server VM (11.0.12+7-b1504.28-7817840, mixed mode, tiered, compressed oops, g1 gc, windows-amd64)
Heap:
 garbage-first heap   total 157696K, used 119975K [0x0000000080000000, 0x0000000100000000)
  region size 1024K, 22 young (22528K), 1 survivors (1024K)
 Metaspace       used 103004K, capacity 105687K, committed 105900K, reserved 1140736K
  class space    used 13092K, capacity 14015K, committed 14080K, reserved 1048576K
GC Heap History (20 events):
Event: 56.183 GC heap before
{Heap before GC invocations=31 (full 0):
 garbage-first heap   total 157696K, used 131685K [0x0000000080000000, 0x0000000100000000)
  region size 1024K, 42 young (43008K), 6 survivors (6144K)
 Metaspace       used 99815K, capacity 102113K, committed 102188K, reserved 1138688K
  class space    used 12807K, capacity 13676K, committed 13696K, reserved 1048576K
}
Event: 56.189 GC heap after
{Heap after GC invocations=32 (full 0):
 garbage-first heap   total 157696K, used 96372K [0x0000000080000000, 0x0000000100000000)
  region size 1024K, 5 young (5120K), 5 survivors (5120K)
 Metaspace       used 99815K, capacity 102113K, committed 102188K, reserved 1138688K
  class space    used 12807K, capacity 13676K, committed 13696K, reserved 1048576K
}
Event: 391.062 GC heap before
{Heap before GC invocations=33 (full 0):
 garbage-first heap   total 157696K, used 132212K [0x0000000080000000, 0x0000000100000000)
  region size 1024K, 41 young (41984K), 5 survivors (5120K)
 Metaspace       used 100820K, capacity 103292K, committed 103596K, reserved 1138688K
  class space    used 12905K, capacity 13770K, committed 13824K, reserved 1048576K
}
Event: 391.070 GC heap after
{Heap after GC invocations=34 (full 0):
 garbage-first heap   total 157696K, used 98528K [0x0000000080000000, 0x0000000100000000)
  region size 1024K, 5 young (5120K), 5 survivors (5120K)
 Metaspace       used 100820K, capacity 103292K, committed 103596K, reserved 1138688K
  class space    used 12905K, capacity 13770K, committed 13824K, reserved 1048576K
}
Event: 391.313 GC heap before
{Heap before GC invocations=34 (full 0):
 garbage-first heap   total 157696K, used 116960K [0x0000000080000000, 0x0000000100000000)
  region size 1024K, 24 young (24576K), 5 survivors (5120K)
 Metaspace       used 101079K, capacity 103466K, committed 103596K, reserved 1138688K
  class space    used 12907K, capacity 13775K, committed 13824K, reserved 1048576K
}
Event: 391.335 GC heap after
{Heap after GC invocations=35 (full 0):
 garbage-first heap   total 157696K, used 101337K [0x0000000080000000, 0x0000000100000000)
  region size 1024K, 5 young (5120K), 5 survivors (5120K)
 Metaspace       used 101079K, capacity 103466K, committed 103596K, reserved 1138688K
  class space    used 12907K, capacity 13775K, committed 13824K, reserved 1048576K
}
Event: 392.309 GC heap before
{Heap before GC invocations=36 (full 0):
 garbage-first heap   total 157696K, used 136153K [0x0000000080000000, 0x0000000100000000)
  region size 1024K, 37 young (37888K), 5 survivors (5120K)
 Metaspace       used 101318K, capacity 103696K, committed 103852K, reserved 1138688K
  class space    used 12912K, capacity 13782K, committed 13824K, reserved 1048576K
}
Event: 392.321 GC heap after
{Heap after GC invocations=37 (full 0):
 garbage-first heap   total 157696K, used 104681K [0x0000000080000000, 0x0000000100000000)
  region size 1024K, 4 young (4096K), 4 survivors (4096K)
 Metaspace       used 101318K, capacity 103696K, committed 103852K, reserved 1138688K
  class space    used 12912K, capacity 13782K, committed 13824K, reserved 1048576K
}
Event: 394.738 GC heap before
{Heap before GC invocations=37 (full 0):
 garbage-first heap   total 157696K, used 132329K [0x0000000080000000, 0x0000000100000000)
  region size 1024K, 32 young (32768K), 4 survivors (4096K)
 Metaspace       used 101450K, capacity 103980K, committed 104108K, reserved 1140736K
  class space    used 12915K, capacity 13788K, committed 13824K, reserved 1048576K
}
Event: 394.748 GC heap after
{Heap after GC invocations=38 (full 0):
 garbage-first heap   total 157696K, used 106025K [0x0000000080000000, 0x0000000100000000)
  region size 1024K, 2 young (2048K), 2 survivors (2048K)
 Metaspace       used 101450K, capacity 103980K, committed 104108K, reserved 1140736K
  class space    used 12915K, capacity 13788K, committed 13824K, reserved 1048576K
}
Event: 1378.234 GC heap before
{Heap before GC invocations=39 (full 0):
 garbage-first heap   total 157696K, used 133673K [0x0000000080000000, 0x0000000100000000)
  region size 1024K, 30 young (30720K), 2 survivors (2048K)
 Metaspace       used 101670K, capacity 104144K, committed 104364K, reserved 1140736K
  class space    used 12921K, capacity 13795K, committed 13824K, reserved 1048576K
}
Event: 1378.238 GC heap after
{Heap after GC invocations=40 (full 0):
 garbage-first heap   total 157696K, used 106413K [0x0000000080000000, 0x0000000100000000)
  region size 1024K, 3 young (3072K), 3 survivors (3072K)
 Metaspace       used 101670K, capacity 104144K, committed 104364K, reserved 1140736K
  class space    used 12921K, capacity 13795K, committed 13824K, reserved 1048576K
}
Event: 1378.269 GC heap before
{Heap before GC invocations=40 (full 0):
 garbage-first heap   total 157696K, used 109485K [0x0000000080000000, 0x0000000100000000)
  region size 1024K, 7 young (7168K), 3 survivors (3072K)
 Metaspace       used 101749K, capacity 104215K, committed 104364K, reserved 1140736K
  class space    used 12931K, capacity 13813K, committed 13824K, reserved 1048576K
}
Event: 1378.279 GC heap after
{Heap after GC invocations=41 (full 0):
 garbage-first heap   total 157696K, used 100985K [0x0000000080000000, 0x0000000100000000)
  region size 1024K, 1 young (1024K), 1 survivors (1024K)
 Metaspace       used 101749K, capacity 104215K, committed 104364K, reserved 1140736K
  class space    used 12931K, capacity 13813K, committed 13824K, reserved 1048576K
}
Event: 1378.518 GC heap before
{Heap before GC invocations=41 (full 0):
 garbage-first heap   total 157696K, used 130681K [0x0000000080000000, 0x0000000100000000)
  region size 1024K, 32 young (32768K), 1 survivors (1024K)
 Metaspace       used 101911K, capacity 104373K, committed 104620K, reserved 1140736K
  class space    used 12932K, capacity 13816K, committed 13824K, reserved 1048576K
}
Event: 1378.529 GC heap after
{Heap after GC invocations=42 (full 0):
 garbage-first heap   total 157696K, used 104054K [0x0000000080000000, 0x0000000100000000)
  region size 1024K, 4 young (4096K), 4 survivors (4096K)
 Metaspace       used 101911K, capacity 104373K, committed 104620K, reserved 1140736K
  class space    used 12932K, capacity 13816K, committed 13824K, reserved 1048576K
}
Event: 1378.923 GC heap before
{Heap before GC invocations=43 (full 0):
 garbage-first heap   total 157696K, used 133750K [0x0000000080000000, 0x0000000100000000)
  region size 1024K, 32 young (32768K), 4 survivors (4096K)
 Metaspace       used 102054K, capacity 104484K, committed 104748K, reserved 1140736K
  class space    used 12938K, capacity 13827K, committed 13952K, reserved 1048576K
}
Event: 1378.932 GC heap after
{Heap after GC invocations=44 (full 0):
 garbage-first heap   total 157696K, used 106662K [0x0000000080000000, 0x0000000100000000)
  region size 1024K, 4 young (4096K), 4 survivors (4096K)
 Metaspace       used 102054K, capacity 104484K, committed 104748K, reserved 1140736K
  class space    used 12938K, capacity 13827K, committed 13952K, reserved 1048576K
}
Event: 1378.966 GC heap before
{Heap before GC invocations=44 (full 0):
 garbage-first heap   total 157696K, used 109734K [0x0000000080000000, 0x0000000100000000)
  region size 1024K, 7 young (7168K), 4 survivors (4096K)
 Metaspace       used 102058K, capacity 104485K, committed 104748K, reserved 1140736K
  class space    used 12938K, capacity 13827K, committed 13952K, reserved 1048576K
}
Event: 1378.976 GC heap after
{Heap after GC invocations=45 (full 0):
 garbage-first heap   total 157696K, used 99495K [0x0000000080000000, 0x0000000100000000)
  region size 1024K, 1 young (1024K), 1 survivors (1024K)
 Metaspace       used 102058K, capacity 104485K, committed 104748K, reserved 1140736K
  class space    used 12938K, capacity 13827K, committed 13952K, reserved 1048576K
}

